<?xml version="1.0" encoding="UTF-8"?>
<!DOCTYPE suite SYSTEM "http://testng.org/testng-1.0.dtd" >

<suite name="Smoke suite">

    <test name="Chat_055_CallbackNotificationEnableTestCase">
        <classes>
            <class name="smoketestsuite.LogoutTest"/>
        </classes>
    </test>

</suite>